<?xml version="1.0" encoding="UTF-8" ?>
<testsuite tests="2" failures="1" name="com.example.proj2.MainTest" time="0.007" errors="0" skipped="0">
  <properties>
[...]
</properties>
  <testcase classname="com.example.proj2.MainTest" name="com.example.proj2.MainTest.testAreaNome" time="0.002"/>
  <testcase classname="com.example.proj2.MainTest" name="com.example.proj2.MainTest.testEspecieNome" time="0.005">
    <failure message="expected: &lt;B&gt; but was: &lt;A&gt;" type="org.opentest4j.AssertionFailedError">org.opentest4j.AssertionFailedError: expected: &lt;B&gt; but was: &lt;A&gt;
	at org.junit.jupiter.api.AssertionFailureBuilder.build(AssertionFailureBuilder.java:151)
	at org.junit.jupiter.api.AssertionFailureBuilder.buildAndThrow(AssertionFailureBuilder.java:132)
	at org.junit.jupiter.api.AssertEquals.failNotEqual(AssertEquals.java:197)
	at org.junit.jupiter.api.AssertEquals.assertEquals(AssertEquals.java:182)
	at org.junit.jupiter.api.AssertEquals.assertEquals(AssertEquals.java:177)
	at org.junit.jupiter.api.Assertions.assertEquals(Assertions.java:1141)
	at com.example.proj2.MainTest.testEspecieNome(MainTest.java:14)
</failure>
  </testcase>
</testsuite>