# JRE version: Java(TM) SE Runtime Environment (23.0+37) (build 23+37-2369)
# Java VM: Java HotSpot(TM) 64-Bit Server VM (23+37-2369, mixed mode, sharing, tiered, compressed oops, compressed class ptrs, g1 gc, windows-amd64)
GC Precious Log:
 CardTable entry size: 512
 Card Set container configuration: InlinePtr #cards 4 size 8 Array Of Cards #cards 16 size 48 Howl #buckets 8 coarsen threshold 3686 Howl Bitmap #cards 512 size 80 coarsen threshold 460 Card regions per heap region 1 cards per card region 4096
 CPUs: 12 total, 12 available
 Memory: 16272M
 Large Page Support: Disabled
 NUMA Support: Disabled
 Compressed Oops: Enabled (Zero based)
 Heap Region Size: 2M
 Heap Min Capacity: 8M
 Heap Initial Capacity: 256M
 Heap Max Capacity: 4070M
 Pre-touch: Disabled
 Parallel Workers: 10
 Concurrent Workers: 3
 Concurrent Refinement Workers: 10
 Periodic GC: Disabled
Heap:
 garbage-first heap   total reserved 4167680K, committed 262144K, used 29931K [0x0000000701a00000, 0x0000000800000000)
  region size 2048K, 12 young (24576K), 3 survivors (6144K)
 Metaspace       used 20473K, committed 20864K, reserved 1114112K
  class space    used 2972K, committed 3136K, reserved 1048576K
GC Heap History (8 events):
Event: 0.395 GC heap before
{Heap before GC invocations=0 (full 0):
 garbage-first heap   total reserved 4167680K, committed 262144K, used 22528K [0x0000000701a00000, 0x0000000800000000)
  region size 2048K, 12 young (24576K), 0 survivors (0K)
 Metaspace       used 4216K, committed 4352K, reserved 1114112K
  class space    used 500K, committed 576K, reserved 1048576K
}
Event: 0.397 GC heap after
{Heap after GC invocations=1 (full 0):
 garbage-first heap   total reserved 4167680K, committed 262144K, used 3293K [0x0000000701a00000, 0x0000000800000000)
  region size 2048K, 2 young (4096K), 2 survivors (4096K)
 Metaspace       used 4216K, committed 4352K, reserved 1114112K
  class space    used 500K, committed 576K, reserved 1048576K
}
Event: 0.675 GC heap before
{Heap before GC invocations=1 (full 0):
 garbage-first heap   total reserved 4167680K, committed 262144K, used 25821K [0x0000000701a00000, 0x0000000800000000)
  region size 2048K, 14 young (28672K), 2 survivors (4096K)
 Metaspace       used 8554K, committed 8768K, reserved 1114112K
  class space    used 1076K, committed 1152K, reserved 1048576K
}
Event: 0.678 GC heap after
{Heap after GC invocations=2 (full 0):
 garbage-first heap   total reserved 4167680K, committed 262144K, used 6954K [0x0000000701a00000, 0x0000000800000000)
  region size 2048K, 2 young (4096K), 2 survivors (4096K)
 Metaspace       used 8554K, committed 8768K, reserved 1114112K
  class space    used 1076K, committed 1152K, reserved 1048576K
}
Event: 15.085 GC heap before
{Heap before GC invocations=2 (full 0):
 garbage-first heap   total reserved 4167680K, committed 262144K, used 62250K [0x0000000701a00000, 0x0000000800000000)
  region size 2048K, 29 young (59392K), 2 survivors (4096K)
 Metaspace       used 19040K, committed 19392K, reserved 1114112K
  class space    used 2920K, committed 3072K, reserved 1048576K
}
Event: 15.088 GC heap after
{Heap after GC invocations=3 (full 0):
 garbage-first heap   total reserved 4167680K, committed 262144K, used 12305K [0x0000000701a00000, 0x0000000800000000)
  region size 2048K, 4 young (8192K), 4 survivors (8192K)
 Metaspace       used 19040K, committed 19392K, reserved 1114112K
  class space    used 2920K, committed 3072K, reserved 1048576K
}
Event: 497.646 GC heap before
{Heap before GC invocations=3 (full 0):
 garbage-first heap   total reserved 4167680K, committed 262144K, used 75793K [0x0000000701a00000, 0x0000000800000000)
  region size 2048K, 35 young (71680K), 4 survivors (8192K)
 Metaspace       used 20077K, committed 20416K, reserved 1114112K
  class space    used 2936K, committed 3072K, reserved 1048576K
}
Event: 497.649 GC heap after
{Heap after GC invocations=4 (full 0):
 garbage-first heap   total reserved 4167680K, committed 262144K, used 13547K [0x0000000701a00000, 0x0000000800000000)
  region size 2048K, 3 young (6144K), 3 survivors (6144K)
 Metaspace       used 20077K, committed 20416K, reserved 1114112K
  class space    used 2936K, committed 3072K, reserved 1048576K
}

